<?xml version="1.0" encoding="UTF-8"?>
<testng-results skipped="0" failed="0" ignored="0" total="1" passed="1">
  <reporter-output>
  </reporter-output>
  <suite name="Suite" duration-ms="12825" started-at="2018-07-05T09:13:53Z" finished-at="2018-07-05T09:14:06Z">
    <groups>
    </groups>
    <test name="Test" duration-ms="12825" started-at="2018-07-05T09:13:53Z" finished-at="2018-07-05T09:14:06Z">
      <class name="com.test.LoadTest01">
        <test-method status="PASS" signature="setBrowserConfig()[pri:0, instance:com.test.LoadTest01@4d50efb8]" name="setBrowserConfig" is-config="true" duration-ms="7037" started-at="2018-07-05T11:13:53Z" finished-at="2018-07-05T11:14:00Z">
          <reporter-output>
          </reporter-output>
        </test-method> <!-- setBrowserConfig -->
        <test-method status="PASS" signature="runTest()[pri:0, instance:com.test.LoadTest01@4d50efb8]" name="runTest" is-config="true" duration-ms="1393" started-at="2018-07-05T11:14:00Z" finished-at="2018-07-05T11:14:02Z">
          <reporter-output>
          </reporter-output>
        </test-method> <!-- runTest -->
        <test-method status="PASS" signature="verifySearchButton()[pri:0, instance:com.test.LoadTest01@4d50efb8]" name="verifySearchButton" duration-ms="3757" started-at="2018-07-05T11:14:02Z" finished-at="2018-07-05T11:14:06Z">
          <reporter-output>
          </reporter-output>
        </test-method> <!-- verifySearchButton -->
        <test-method status="PASS" signature="closeTest()[pri:0, instance:com.test.LoadTest01@4d50efb8]" name="closeTest" is-config="true" duration-ms="0" started-at="2018-07-05T11:14:06Z" finished-at="2018-07-05T11:14:06Z">
          <reporter-output>
          </reporter-output>
        </test-method> <!-- closeTest -->
      </class> <!-- com.test.LoadTest01 -->
    </test> <!-- Test -->
  </suite> <!-- Suite -->
</testng-results>
